2023-02-02 21:24:51.113  INFO 20788 --- [restartedMain] o.s.nativex.NativeListener               : AOT mode disabled
2023-02-02 21:24:51.172  INFO 20788 --- [restartedMain] Team7.InhaClub.InhaClubApplication       : Starting InhaClubApplication using Java 18.0.2.1 on DESKTOP-IKCPVMD with PID 20788 (C:\Users\jch10\OneDrive\Project\Spring\2022_Study_Project_InhaClub_merge-develop\InhaClub\build\classes\java\main started by jch10 in C:\Users\jch10\OneDrive\Project\Spring\2022_Study_Project_InhaClub_merge-develop)
2023-02-02 21:24:51.172  INFO 20788 --- [restartedMain] Team7.InhaClub.InhaClubApplication       : No active profile set, falling back to 1 default profile: "default"
2023-02-02 21:24:51.208  INFO 20788 --- [restartedMain] .e.DevToolsPropertyDefaultsPostProcessor : Devtools property defaults active! Set 'spring.devtools.add-properties' to 'false' to disable
2023-02-02 21:24:51.209  INFO 20788 --- [restartedMain] .e.DevToolsPropertyDefaultsPostProcessor : For additional web related logging consider setting the 'logging.level.web' property to 'DEBUG'
2023-02-02 21:24:51.898  INFO 20788 --- [restartedMain] .s.d.r.c.RepositoryConfigurationDelegate : Bootstrapping Spring Data JPA repositories in DEFAULT mode.
2023-02-02 21:24:52.041  INFO 20788 --- [restartedMain] .s.d.r.c.RepositoryConfigurationDelegate : Finished Spring Data repository scanning in 135 ms. Found 5 JPA repository interfaces.
2023-02-02 21:24:52.181  WARN 20788 --- [restartedMain] o.m.s.mapper.ClassPathMapperScanner      : No MyBatis mapper was found in '[Team7.InhaClub]' package. Please check your configuration.
2023-02-02 21:24:52.367  INFO 20788 --- [restartedMain] trationDelegate$BeanPostProcessorChecker : Bean 'org.springframework.ws.config.annotation.DelegatingWsConfiguration' of type [org.springframework.ws.config.annotation.DelegatingWsConfiguration$$EnhancerBySpringCGLIB$$a87cb3ce] is not eligible for getting processed by all BeanPostProcessors (for example: not eligible for auto-proxying)
2023-02-02 21:24:52.415  INFO 20788 --- [restartedMain] .w.s.a.s.AnnotationActionEndpointMapping : Supporting [WS-Addressing August 2004, WS-Addressing 1.0]
2023-02-02 21:24:52.748  INFO 20788 --- [restartedMain] o.s.b.w.embedded.tomcat.TomcatWebServer  : Tomcat initialized with port(s): 8080 (http)
2023-02-02 21:24:52.757  INFO 20788 --- [restartedMain] o.apache.catalina.core.StandardService   : Starting service [Tomcat]
2023-02-02 21:24:52.757  INFO 20788 --- [restartedMain] org.apache.catalina.core.StandardEngine  : Starting Servlet engine: [Apache Tomcat/9.0.65]
2023-02-02 21:24:52.973  INFO 20788 --- [restartedMain] org.apache.jasper.servlet.TldScanner     : At least one JAR was scanned for TLDs yet contained no TLDs. Enable debug logging for this logger for a complete list of JARs that were scanned but no TLDs were found in them. Skipping unneeded JARs during scanning can improve startup time and JSP compilation time.
2023-02-02 21:24:52.979  INFO 20788 --- [restartedMain] o.a.c.c.C.[Tomcat].[localhost].[/]       : Initializing Spring embedded WebApplicationContext
2023-02-02 21:24:52.979  INFO 20788 --- [restartedMain] w.s.c.ServletWebServerApplicationContext : Root WebApplicationContext: initialization completed in 1770 ms
2023-02-02 21:24:53.005  INFO 20788 --- [restartedMain] com.zaxxer.hikari.HikariDataSource       : HikariPool-1 - Starting...
2023-02-02 21:24:53.238  INFO 20788 --- [restartedMain] com.zaxxer.hikari.HikariDataSource       : HikariPool-1 - Start completed.
2023-02-02 21:24:53.245  INFO 20788 --- [restartedMain] o.s.b.a.h2.H2ConsoleAutoConfiguration    : H2 console available at '/h2-console'. Database available at 'jdbc:mysql://localhost:3306/InhaClub?useSSL=true&useUnicode=true&serverTimezone=Asia/Seoul'
2023-02-02 21:24:53.378  INFO 20788 --- [restartedMain] o.hibernate.jpa.internal.util.LogHelper  : HHH000204: Processing PersistenceUnitInfo [name: default]
2023-02-02 21:24:53.453  INFO 20788 --- [restartedMain] org.hibernate.Version                    : HHH000412: Hibernate ORM core version 5.6.10.Final
2023-02-02 21:24:53.626  INFO 20788 --- [restartedMain] o.hibernate.annotations.common.Version   : HCANN000001: Hibernate Commons Annotations {5.1.2.Final}
2023-02-02 21:24:53.742  INFO 20788 --- [restartedMain] org.hibernate.dialect.Dialect            : HHH000400: Using dialect: org.hibernate.dialect.MySQL8Dialect
2023-02-02 21:24:54.410  INFO 20788 --- [restartedMain] o.h.e.t.j.p.i.JtaPlatformInitiator       : HHH000490: Using JtaPlatform implementation: [org.hibernate.engine.transaction.jta.platform.internal.NoJtaPlatform]
2023-02-02 21:24:54.418  INFO 20788 --- [restartedMain] j.LocalContainerEntityManagerFactoryBean : Initialized JPA EntityManagerFactory for persistence unit 'default'
2023-02-02 21:24:54.935  INFO 20788 --- [restartedMain] o.s.s.web.DefaultSecurityFilterChain     : Will secure any request with [org.springframework.security.web.session.DisableEncodeUrlFilter@3e42cb01, org.springframework.security.web.context.request.async.WebAsyncManagerIntegrationFilter@6ddf486a, org.springframework.security.web.context.SecurityContextPersistenceFilter@5ef1328f, org.springframework.security.web.header.HeaderWriterFilter@27a5959, org.springframework.web.filter.CorsFilter@2e3c8263, org.springframework.security.web.authentication.logout.LogoutFilter@34852b0f, Team7.InhaClub.Security.JwtAuthenticationFilter@e9878e4, org.springframework.security.web.savedrequest.RequestCacheAwareFilter@33b0541b, org.springframework.security.web.servletapi.SecurityContextHolderAwareRequestFilter@42dd204, org.springframework.security.web.authentication.AnonymousAuthenticationFilter@262aa0f5, org.springframework.security.web.session.SessionManagementFilter@64edf4f7, org.springframework.security.web.access.ExceptionTranslationFilter@72ad3c3c, org.springframework.security.web.access.intercept.FilterSecurityInterceptor@38d942bb]
2023-02-02 21:24:55.070  WARN 20788 --- [restartedMain] JpaBaseConfiguration$JpaWebConfiguration : spring.jpa.open-in-view is enabled by default. Therefore, database queries may be performed during view rendering. Explicitly configure spring.jpa.open-in-view to disable this warning
2023-02-02 21:24:55.137  INFO 20788 --- [restartedMain] o.s.b.a.w.s.WelcomePageHandlerMapping    : Adding welcome page: class path resource [static/index.html]
2023-02-02 21:24:55.903  INFO 20788 --- [restartedMain] o.s.b.d.a.OptionalLiveReloadServer       : LiveReload server is running on port 35729
2023-02-02 21:24:55.938  INFO 20788 --- [restartedMain] o.s.b.w.embedded.tomcat.TomcatWebServer  : Tomcat started on port(s): 8080 (http) with context path ''
2023-02-02 21:24:55.946  INFO 20788 --- [restartedMain] Team7.InhaClub.InhaClubApplication       : Started InhaClubApplication in 5.089 seconds (JVM running for 5.536)
2023-02-02 21:25:57.643  INFO 20788 --- [http-nio-8080-exec-1] o.a.c.c.C.[Tomcat].[localhost].[/]       : Initializing Spring DispatcherServlet 'dispatcherServlet'
2023-02-02 21:25:57.643  INFO 20788 --- [http-nio-8080-exec-1] o.s.web.servlet.DispatcherServlet        : Initializing Servlet 'dispatcherServlet'
2023-02-02 21:25:57.644  INFO 20788 --- [http-nio-8080-exec-1] o.s.web.servlet.DispatcherServlet        : Completed initialization in 1 ms
2023-02-02 21:53:05.722  INFO 4136 --- [restartedMain] o.s.nativex.NativeListener               : AOT mode disabled
2023-02-02 21:53:05.788  INFO 4136 --- [restartedMain] Team7.InhaClub.InhaClubApplication       : Starting InhaClubApplication using Java 18.0.2.1 on DESKTOP-IKCPVMD with PID 4136 (C:\Users\jch10\OneDrive\Project\Spring\2022_Study_Project_InhaClub_merge-develop\InhaClub\build\classes\java\main started by jch10 in C:\Users\jch10\OneDrive\Project\Spring\2022_Study_Project_InhaClub_merge-develop)
2023-02-02 21:53:05.788  INFO 4136 --- [restartedMain] Team7.InhaClub.InhaClubApplication       : No active profile set, falling back to 1 default profile: "default"
2023-02-02 21:53:05.828  INFO 4136 --- [restartedMain] .e.DevToolsPropertyDefaultsPostProcessor : Devtools property defaults active! Set 'spring.devtools.add-properties' to 'false' to disable
2023-02-02 21:53:05.828  INFO 4136 --- [restartedMain] .e.DevToolsPropertyDefaultsPostProcessor : For additional web related logging consider setting the 'logging.level.web' property to 'DEBUG'
2023-02-02 21:53:06.502  INFO 4136 --- [restartedMain] .s.d.r.c.RepositoryConfigurationDelegate : Bootstrapping Spring Data JPA repositories in DEFAULT mode.
2023-02-02 21:53:06.629  INFO 4136 --- [restartedMain] .s.d.r.c.RepositoryConfigurationDelegate : Finished Spring Data repository scanning in 120 ms. Found 5 JPA repository interfaces.
2023-02-02 21:53:06.772  WARN 4136 --- [restartedMain] o.m.s.mapper.ClassPathMapperScanner      : No MyBatis mapper was found in '[Team7.InhaClub]' package. Please check your configuration.
2023-02-02 21:53:06.954  INFO 4136 --- [restartedMain] trationDelegate$BeanPostProcessorChecker : Bean 'org.springframework.ws.config.annotation.DelegatingWsConfiguration' of type [org.springframework.ws.config.annotation.DelegatingWsConfiguration$$EnhancerBySpringCGLIB$$fa5f180c] is not eligible for getting processed by all BeanPostProcessors (for example: not eligible for auto-proxying)
2023-02-02 21:53:06.986  INFO 4136 --- [restartedMain] .w.s.a.s.AnnotationActionEndpointMapping : Supporting [WS-Addressing August 2004, WS-Addressing 1.0]
2023-02-02 21:53:07.285  INFO 4136 --- [restartedMain] o.s.b.w.embedded.tomcat.TomcatWebServer  : Tomcat initialized with port(s): 8080 (http)
2023-02-02 21:53:07.295  INFO 4136 --- [restartedMain] o.apache.catalina.core.StandardService   : Starting service [Tomcat]
2023-02-02 21:53:07.295  INFO 4136 --- [restartedMain] org.apache.catalina.core.StandardEngine  : Starting Servlet engine: [Apache Tomcat/9.0.65]
2023-02-02 21:53:07.506  INFO 4136 --- [restartedMain] org.apache.jasper.servlet.TldScanner     : At least one JAR was scanned for TLDs yet contained no TLDs. Enable debug logging for this logger for a complete list of JARs that were scanned but no TLDs were found in them. Skipping unneeded JARs during scanning can improve startup time and JSP compilation time.
2023-02-02 21:53:07.511  INFO 4136 --- [restartedMain] o.a.c.c.C.[Tomcat].[localhost].[/]       : Initializing Spring embedded WebApplicationContext
2023-02-02 21:53:07.511  INFO 4136 --- [restartedMain] w.s.c.ServletWebServerApplicationContext : Root WebApplicationContext: initialization completed in 1682 ms
2023-02-02 21:53:07.533  INFO 4136 --- [restartedMain] com.zaxxer.hikari.HikariDataSource       : HikariPool-1 - Starting...
2023-02-02 21:53:07.750  INFO 4136 --- [restartedMain] com.zaxxer.hikari.HikariDataSource       : HikariPool-1 - Start completed.
2023-02-02 21:53:07.757  INFO 4136 --- [restartedMain] o.s.b.a.h2.H2ConsoleAutoConfiguration    : H2 console available at '/h2-console'. Database available at 'jdbc:mysql://localhost:3306/InhaClub?useSSL=true&useUnicode=true&serverTimezone=Asia/Seoul'
2023-02-02 21:53:07.853  INFO 4136 --- [restartedMain] o.hibernate.jpa.internal.util.LogHelper  : HHH000204: Processing PersistenceUnitInfo [name: default]
2023-02-02 21:53:07.908  INFO 4136 --- [restartedMain] org.hibernate.Version                    : HHH000412: Hibernate ORM core version 5.6.10.Final
2023-02-02 21:53:08.060  INFO 4136 --- [restartedMain] o.hibernate.annotations.common.Version   : HCANN000001: Hibernate Commons Annotations {5.1.2.Final}
2023-02-02 21:53:08.166  INFO 4136 --- [restartedMain] org.hibernate.dialect.Dialect            : HHH000400: Using dialect: org.hibernate.dialect.MySQL8Dialect
2023-02-02 21:53:08.756  INFO 4136 --- [restartedMain] o.h.e.t.j.p.i.JtaPlatformInitiator       : HHH000490: Using JtaPlatform implementation: [org.hibernate.engine.transaction.jta.platform.internal.NoJtaPlatform]
2023-02-02 21:53:08.762  INFO 4136 --- [restartedMain] j.LocalContainerEntityManagerFactoryBean : Initialized JPA EntityManagerFactory for persistence unit 'default'
2023-02-02 21:53:09.252  INFO 4136 --- [restartedMain] o.s.s.web.DefaultSecurityFilterChain     : Will secure any request with [org.springframework.security.web.session.DisableEncodeUrlFilter@2be2e407, org.springframework.security.web.context.request.async.WebAsyncManagerIntegrationFilter@69de93e5, org.springframework.security.web.context.SecurityContextPersistenceFilter@345b0436, org.springframework.security.web.header.HeaderWriterFilter@b69e7bd, org.springframework.web.filter.CorsFilter@357a04ca, org.springframework.security.web.authentication.logout.LogoutFilter@db7f8e2, Team7.InhaClub.Security.JwtAuthenticationFilter@4b743602, org.springframework.security.web.savedrequest.RequestCacheAwareFilter@9bcc00e, org.springframework.security.web.servletapi.SecurityContextHolderAwareRequestFilter@7664ea24, org.springframework.security.web.authentication.AnonymousAuthenticationFilter@778a21b7, org.springframework.security.web.session.SessionManagementFilter@663c4171, org.springframework.security.web.access.ExceptionTranslationFilter@1eb5e182, org.springframework.security.web.access.intercept.FilterSecurityInterceptor@426891a0]
2023-02-02 21:53:09.384  WARN 4136 --- [restartedMain] JpaBaseConfiguration$JpaWebConfiguration : spring.jpa.open-in-view is enabled by default. Therefore, database queries may be performed during view rendering. Explicitly configure spring.jpa.open-in-view to disable this warning
2023-02-02 21:53:09.450  INFO 4136 --- [restartedMain] o.s.b.a.w.s.WelcomePageHandlerMapping    : Adding welcome page: class path resource [static/index.html]
2023-02-02 21:53:10.142  INFO 4136 --- [restartedMain] o.s.b.d.a.OptionalLiveReloadServer       : LiveReload server is running on port 35729
2023-02-02 21:53:10.179  INFO 4136 --- [restartedMain] o.s.b.w.embedded.tomcat.TomcatWebServer  : Tomcat started on port(s): 8080 (http) with context path ''
2023-02-02 21:53:10.187  INFO 4136 --- [restartedMain] Team7.InhaClub.InhaClubApplication       : Started InhaClubApplication in 4.717 seconds (JVM running for 5.158)
2023-02-02 21:53:14.970  INFO 4136 --- [http-nio-8080-exec-1] o.a.c.c.C.[Tomcat].[localhost].[/]       : Initializing Spring DispatcherServlet 'dispatcherServlet'
2023-02-02 21:53:14.970  INFO 4136 --- [http-nio-8080-exec-1] o.s.web.servlet.DispatcherServlet        : Initializing Servlet 'dispatcherServlet'
2023-02-02 21:53:14.971  INFO 4136 --- [http-nio-8080-exec-1] o.s.web.servlet.DispatcherServlet        : Completed initialization in 1 ms
